This file contains any messages produced by compilers while
running configure, to aid debugging if configure makes a mistake.

It was created by wayland configure 1.16.0, which was
generated by GNU Autoconf 2.69.  Invocation command line was

  $ ./configure --disable-documentation

## --------- ##
## Platform. ##
## --------- ##

hostname = gewenbin-virtual-machine
uname -m = x86_64
uname -r = 4.13.0-36-generic
uname -s = Linux
uname -v = #40~16.04.1-Ubuntu SMP Fri Feb 16 23:25:58 UTC 2018

/usr/bin/uname -p = unknown
/bin/uname -X     = unknown

/bin/arch              = unknown
/usr/bin/arch -k       = unknown
/usr/convex/getsysinfo = unknown
/usr/bin/hostinfo      = unknown
/bin/machine           = unknown
/usr/bin/oslevel       = unknown
/bin/universe          = unknown

PATH: /home/gewenbin/bin
PATH: /home/gewenbin/.local/bin
PATH: /usr/local/sbin
PATH: /usr/local/bin
PATH: /usr/sbin
PATH: /usr/bin
PATH: /sbin
PATH: /bin
PATH: /usr/games
PATH: /usr/local/games
PATH: /snap/bin


## ----------- ##
## Core tests. ##
## ----------- ##

configure:2595: checking for a BSD-compatible install
configure:2663: result: /usr/bin/install -c
configure:2674: checking whether build environment is sane
configure:2729: result: yes
configure:2880: checking for a thread-safe mkdir -p
configure:2919: result: /bin/mkdir -p
configure:2926: checking for gawk
configure:2956: result: no
configure:2926: checking for mawk
configure:2942: found /usr/bin/mawk
configure:2953: result: mawk
configure:2964: checking whether make sets $(MAKE)
configure:2986: result: yes
configure:3015: checking whether make supports nested variables
configure:3032: result: yes
configure:3170: checking whether make supports nested variables
configure:3187: result: yes
configure:3248: checking for gcc
configure:3264: found /usr/bin/gcc
configure:3275: result: gcc
configure:3504: checking for C compiler version
configure:3513: gcc --version >&5
gcc (Ubuntu 5.4.0-6ubuntu1~16.04.10) 5.4.0 20160609
Copyright (C) 2015 Free Software Foundation, Inc.
This is free software; see the source for copying conditions.  There is NO
warranty; not even for MERCHANTABILITY or FITNESS FOR A PARTICULAR PURPOSE.

configure:3524: $? = 0
configure:3513: gcc -v >&5
Using built-in specs.
COLLECT_GCC=gcc
COLLECT_LTO_WRAPPER=/usr/lib/gcc/x86_64-linux-gnu/5/lto-wrapper
Target: x86_64-linux-gnu
Configured with: ../src/configure -v --with-pkgversion='Ubuntu 5.4.0-6ubuntu1~16.04.10' --with-bugurl=file:///usr/share/doc/gcc-5/README.Bugs --enable-languages=c,ada,c++,java,go,d,fortran,objc,obj-c++ --prefix=/usr --program-suffix=-5 --enable-shared --enable-linker-build-id --libexecdir=/usr/lib --without-included-gettext --enable-threads=posix --libdir=/usr/lib --enable-nls --with-sysroot=/ --enable-clocale=gnu --enable-libstdcxx-debug --enable-libstdcxx-time=yes --with-default-libstdcxx-abi=new --enable-gnu-unique-object --disable-vtable-verify --enable-libmpx --enable-plugin --with-system-zlib --disable-browser-plugin --enable-java-awt=gtk --enable-gtk-cairo --with-java-home=/usr/lib/jvm/java-1.5.0-gcj-5-amd64/jre --enable-java-home --with-jvm-root-dir=/usr/lib/jvm/java-1.5.0-gcj-5-amd64 --with-jvm-jar-dir=/usr/lib/jvm-exports/java-1.5.0-gcj-5-amd64 --with-arch-directory=amd64 --with-ecj-jar=/usr/share/java/eclipse-ecj.jar --enable-objc-gc --enable-multiarch --disable-werror --with-arch-32=i686 --with-abi=m64 --with-multilib-list=m32,m64,mx32 --enable-multilib --with-tune=generic --enable-checking=release --build=x86_64-linux-gnu --host=x86_64-linux-gnu --target=x86_64-linux-gnu
Thread model: posix
gcc version 5.4.0 20160609 (Ubuntu 5.4.0-6ubuntu1~16.04.10) 
configure:3524: $? = 0
configure:3513: gcc -V >&5
gcc: error: unrecognized command line option '-V'
gcc: fatal error: no input files
compilation terminated.
configure:3524: $? = 1
configure:3513: gcc -qversion >&5
gcc: error: unrecognized command line option '-qversion'
gcc: fatal error: no input files
compilation terminated.
configure:3524: $? = 1
configure:3544: checking whether the C compiler works
configure:3566: gcc    conftest.c  >&5
configure:3570: $? = 0
configure:3618: result: yes
configure:3621: checking for C compiler default output file name
configure:3623: result: a.out
configure:3629: checking for suffix of executables
configure:3636: gcc -o conftest    conftest.c  >&5
configure:3640: $? = 0
configure:3662: result: 
configure:3684: checking whether we are cross compiling
configure:3692: gcc -o conftest    conftest.c  >&5
configure:3696: $? = 0
configure:3703: ./conftest
configure:3707: $? = 0
configure:3722: result: no
configure:3727: checking for suffix of object files
configure:3749: gcc -c   conftest.c >&5
configure:3753: $? = 0
configure:3774: result: o
configure:3778: checking whether we are using the GNU C compiler
configure:3797: gcc -c   conftest.c >&5
configure:3797: $? = 0
configure:3806: result: yes
configure:3815: checking whether gcc accepts -g
configure:3835: gcc -c -g  conftest.c >&5
configure:3835: $? = 0
configure:3876: result: yes
configure:3893: checking for gcc option to accept ISO C89
configure:3956: gcc  -c -g -O2  conftest.c >&5
configure:3956: $? = 0
configure:3969: result: none needed
configure:3994: checking whether gcc understands -c and -o together
configure:4016: gcc -c conftest.c -o conftest2.o
configure:4019: $? = 0
configure:4016: gcc -c conftest.c -o conftest2.o
configure:4019: $? = 0
configure:4031: result: yes
configure:4059: checking for style of include used by make
configure:4087: result: GNU
configure:4113: checking dependency style of gcc
configure:4224: result: gcc3
configure:4297: checking for g++
configure:4313: found /usr/bin/g++
configure:4324: result: g++
configure:4351: checking for C++ compiler version
configure:4360: g++ --version >&5
g++ (Ubuntu 5.4.0-6ubuntu1~16.04.10) 5.4.0 20160609
Copyright (C) 2015 Free Software Foundation, Inc.
This is free software; see the source for copying conditions.  There is NO
warranty; not even for MERCHANTABILITY or FITNESS FOR A PARTICULAR PURPOSE.

configure:4371: $? = 0
configure:4360: g++ -v >&5
Using built-in specs.
COLLECT_GCC=g++
COLLECT_LTO_WRAPPER=/usr/lib/gcc/x86_64-linux-gnu/5/lto-wrapper
Target: x86_64-linux-gnu
Configured with: ../src/configure -v --with-pkgversion='Ubuntu 5.4.0-6ubuntu1~16.04.10' --with-bugurl=file:///usr/share/doc/gcc-5/README.Bugs --enable-languages=c,ada,c++,java,go,d,fortran,objc,obj-c++ --prefix=/usr --program-suffix=-5 --enable-shared --enable-linker-build-id --libexecdir=/usr/lib --without-included-gettext --enable-threads=posix --libdir=/usr/lib --enable-nls --with-sysroot=/ --enable-clocale=gnu --enable-libstdcxx-debug --enable-libstdcxx-time=yes --with-default-libstdcxx-abi=new --enable-gnu-unique-object --disable-vtable-verify --enable-libmpx --enable-plugin --with-system-zlib --disable-browser-plugin --enable-java-awt=gtk --enable-gtk-cairo --with-java-home=/usr/lib/jvm/java-1.5.0-gcj-5-amd64/jre --enable-java-home --with-jvm-root-dir=/usr/lib/jvm/java-1.5.0-gcj-5-amd64 --with-jvm-jar-dir=/usr/lib/jvm-exports/java-1.5.0-gcj-5-amd64 --with-arch-directory=amd64 --with-ecj-jar=/usr/share/java/eclipse-ecj.jar --enable-objc-gc --enable-multiarch --disable-werror --with-arch-32=i686 --with-abi=m64 --with-multilib-list=m32,m64,mx32 --enable-multilib --with-tune=generic --enable-checking=release --build=x86_64-linux-gnu --host=x86_64-linux-gnu --target=x86_64-linux-gnu
Thread model: posix
gcc version 5.4.0 20160609 (Ubuntu 5.4.0-6ubuntu1~16.04.10) 
configure:4371: $? = 0
configure:4360: g++ -V >&5
g++: error: unrecognized command line option '-V'
g++: fatal error: no input files
compilation terminated.
configure:4371: $? = 1
configure:4360: g++ -qversion >&5
g++: error: unrecognized command line option '-qversion'
g++: fatal error: no input files
compilation terminated.
configure:4371: $? = 1
configure:4375: checking whether we are using the GNU C++ compiler
configure:4394: g++ -c   conftest.cpp >&5
configure:4394: $? = 0
configure:4403: result: yes
configure:4412: checking whether g++ accepts -g
configure:4432: g++ -c -g  conftest.cpp >&5
configure:4432: $? = 0
configure:4473: result: yes
configure:4498: checking dependency style of g++
configure:4609: result: gcc3
configure:4624: checking for grep that handles long lines and -e
configure:4682: result: /bin/grep
configure:4696: checking dependency style of gcc
configure:4805: result: gcc3
configure:4820: checking for BSD- or MS-compatible name lister (nm)
configure:4874: result: /usr/bin/nm -B
configure:5004: checking the name lister (/usr/bin/nm -B) interface
configure:5011: gcc -c -g -O2  conftest.c >&5
configure:5014: /usr/bin/nm -B "conftest.o"
configure:5017: output
0000000000000000 B some_variable
configure:5024: result: BSD nm
configure:5077: checking build system type
configure:5091: result: x86_64-pc-linux-gnu
configure:5111: checking host system type
configure:5124: result: x86_64-pc-linux-gnu
configure:5165: checking how to print strings
configure:5192: result: printf
configure:5213: checking for a sed that does not truncate output
configure:5277: result: /bin/sed
configure:5295: checking for egrep
configure:5357: result: /bin/grep -E
configure:5362: checking for fgrep
configure:5424: result: /bin/grep -F
configure:5459: checking for ld used by gcc
configure:5526: result: /usr/bin/ld
configure:5533: checking if the linker (/usr/bin/ld) is GNU ld
configure:5548: result: yes
configure:5560: checking whether ln -s works
configure:5564: result: yes
configure:5572: checking the maximum length of command line arguments
configure:5703: result: 1572864
configure:5751: checking how to convert x86_64-pc-linux-gnu file names to x86_64-pc-linux-gnu format
configure:5791: result: func_convert_file_noop
configure:5798: checking how to convert x86_64-pc-linux-gnu file names to toolchain format
configure:5818: result: func_convert_file_noop
configure:5825: checking for /usr/bin/ld option to reload object files
configure:5832: result: -r
configure:5906: checking for objdump
configure:5922: found /usr/bin/objdump
configure:5933: result: objdump
configure:5965: checking how to recognize dependent libraries
configure:6165: result: pass_all
configure:6250: checking for dlltool
configure:6280: result: no
configure:6310: checking how to associate runtime and link libraries
configure:6337: result: printf %s\n
configure:6398: checking for ar
configure:6414: found /usr/bin/ar
configure:6425: result: ar
configure:6462: checking for archiver @FILE support
configure:6479: gcc -c -g -O2  conftest.c >&5
configure:6479: $? = 0
configure:6482: ar cru libconftest.a @conftest.lst >&5
ar: `u' modifier ignored since `D' is the default (see `U')
configure:6485: $? = 0
configure:6490: ar cru libconftest.a @conftest.lst >&5
ar: `u' modifier ignored since `D' is the default (see `U')
ar: conftest.o: No such file or directory
configure:6493: $? = 1
configure:6505: result: @
configure:6563: checking for strip
configure:6579: found /usr/bin/strip
configure:6590: result: strip
configure:6662: checking for ranlib
configure:6678: found /usr/bin/ranlib
configure:6689: result: ranlib
configure:6791: checking command to parse /usr/bin/nm -B output from gcc object
configure:6944: gcc -c -g -O2  conftest.c >&5
configure:6947: $? = 0
configure:6951: /usr/bin/nm -B conftest.o \| sed -n -e 's/^.*[ ]\([ABCDGIRSTW][ABCDGIRSTW]*\)[ ][ ]*\([_A-Za-z][_A-Za-z0-9]*\)$/\1 \2 \2/p' | sed '/ __gnu_lto/d' \> conftest.nm
configure:6954: $? = 0
configure:7020: gcc -o conftest -g -O2   conftest.c conftstm.o >&5
configure:7023: $? = 0
configure:7061: result: ok
configure:7108: checking for sysroot
configure:7138: result: no
configure:7145: checking for a working dd
configure:7183: result: /bin/dd
configure:7187: checking how to truncate binary pipes
configure:7202: result: /bin/dd bs=4096 count=1
configure:7338: gcc -c -g -O2  conftest.c >&5
configure:7341: $? = 0
configure:7531: checking for mt
configure:7547: found /bin/mt
configure:7558: result: mt
configure:7581: checking if mt is a manifest tool
configure:7587: mt '-?'
configure:7595: result: no
configure:8272: checking how to run the C preprocessor
configure:8303: gcc -E  conftest.c
configure:8303: $? = 0
configure:8317: gcc -E  conftest.c
conftest.c:11:28: fatal error: ac_nonexistent.h: No such file or directory
compilation terminated.
configure:8317: $? = 1
configure: failed program was:
| /* confdefs.h */
| #define PACKAGE_NAME "wayland"
| #define PACKAGE_TARNAME "wayland"
| #define PACKAGE_VERSION "1.16.0"
| #define PACKAGE_STRING "wayland 1.16.0"
| #define PACKAGE_BUGREPORT "https://gitlab.freedesktop.org/wayland/wayland/issues/"
| #define PACKAGE_URL "https://wayland.freedesktop.org/"
| #define PACKAGE "wayland"
| #define VERSION "1.16.0"
| /* end confdefs.h.  */
| #include <ac_nonexistent.h>
configure:8342: result: gcc -E
configure:8362: gcc -E  conftest.c
configure:8362: $? = 0
configure:8376: gcc -E  conftest.c
conftest.c:11:28: fatal error: ac_nonexistent.h: No such file or directory
compilation terminated.
configure:8376: $? = 1
configure: failed program was:
| /* confdefs.h */
| #define PACKAGE_NAME "wayland"
| #define PACKAGE_TARNAME "wayland"
| #define PACKAGE_VERSION "1.16.0"
| #define PACKAGE_STRING "wayland 1.16.0"
| #define PACKAGE_BUGREPORT "https://gitlab.freedesktop.org/wayland/wayland/issues/"
| #define PACKAGE_URL "https://wayland.freedesktop.org/"
| #define PACKAGE "wayland"
| #define VERSION "1.16.0"
| /* end confdefs.h.  */
| #include <ac_nonexistent.h>
configure:8405: checking for ANSI C header files
configure:8425: gcc -c -g -O2  conftest.c >&5
configure:8425: $? = 0
configure:8498: gcc -o conftest -g -O2   conftest.c  >&5
configure:8498: $? = 0
configure:8498: ./conftest
configure:8498: $? = 0
configure:8509: result: yes
configure:8522: checking for sys/types.h
configure:8522: gcc -c -g -O2  conftest.c >&5
configure:8522: $? = 0
configure:8522: result: yes
configure:8522: checking for sys/stat.h
configure:8522: gcc -c -g -O2  conftest.c >&5
configure:8522: $? = 0
configure:8522: result: yes
configure:8522: checking for stdlib.h
configure:8522: gcc -c -g -O2  conftest.c >&5
configure:8522: $? = 0
configure:8522: result: yes
configure:8522: checking for string.h
configure:8522: gcc -c -g -O2  conftest.c >&5
configure:8522: $? = 0
configure:8522: result: yes
configure:8522: checking for memory.h
configure:8522: gcc -c -g -O2  conftest.c >&5
configure:8522: $? = 0
configure:8522: result: yes
configure:8522: checking for strings.h
configure:8522: gcc -c -g -O2  conftest.c >&5
configure:8522: $? = 0
configure:8522: result: yes
configure:8522: checking for inttypes.h
configure:8522: gcc -c -g -O2  conftest.c >&5
configure:8522: $? = 0
configure:8522: result: yes
configure:8522: checking for stdint.h
configure:8522: gcc -c -g -O2  conftest.c >&5
configure:8522: $? = 0
configure:8522: result: yes
configure:8522: checking for unistd.h
configure:8522: gcc -c -g -O2  conftest.c >&5
configure:8522: $? = 0
configure:8522: result: yes
configure:8536: checking for dlfcn.h
configure:8536: gcc -c -g -O2  conftest.c >&5
configure:8536: $? = 0
configure:8536: result: yes
configure:8802: checking for objdir
configure:8817: result: .libs
configure:9081: checking if gcc supports -fno-rtti -fno-exceptions
configure:9099: gcc -c -g -O2  -fno-rtti -fno-exceptions conftest.c >&5
cc1: warning: command line option '-fno-rtti' is valid for C++/ObjC++ but not for C
configure:9103: $? = 0
configure:9116: result: no
configure:9474: checking for gcc option to produce PIC
configure:9481: result: -fPIC -DPIC
configure:9489: checking if gcc PIC flag -fPIC -DPIC works
configure:9507: gcc -c -g -O2  -fPIC -DPIC -DPIC conftest.c >&5
configure:9511: $? = 0
configure:9524: result: yes
configure:9553: checking if gcc static flag -static works
configure:9581: result: yes
configure:9596: checking if gcc supports -c -o file.o
configure:9617: gcc -c -g -O2  -o out/conftest2.o conftest.c >&5
configure:9621: $? = 0
configure:9643: result: yes
configure:9651: checking if gcc supports -c -o file.o
configure:9698: result: yes
configure:9731: checking whether the gcc linker (/usr/bin/ld -m elf_x86_64) supports shared libraries
configure:10990: result: yes
configure:11027: checking whether -lc should be explicitly linked in
configure:11035: gcc -c -g -O2  conftest.c >&5
configure:11038: $? = 0
configure:11053: gcc -shared  -fPIC -DPIC conftest.o  -v -Wl,-soname -Wl,conftest -o conftest 2\>\&1 \| /bin/grep  -lc  \>/dev/null 2\>\&1
configure:11056: $? = 0
configure:11070: result: no
configure:11230: checking dynamic linker characteristics
configure:11811: gcc -o conftest -g -O2   -Wl,-rpath -Wl,/foo conftest.c  >&5
configure:11811: $? = 0
configure:12051: result: GNU/Linux ld.so
configure:12173: checking how to hardcode library paths into programs
configure:12198: result: immediate
configure:12746: checking whether stripping libraries is possible
configure:12751: result: yes
configure:12786: checking if libtool supports shared libraries
configure:12788: result: yes
configure:12791: checking whether to build shared libraries
configure:12816: result: yes
configure:12819: checking whether to build static libraries
configure:12823: result: no
configure:12846: checking how to run the C++ preprocessor
configure:12873: g++ -E  conftest.cpp
configure:12873: $? = 0
configure:12887: g++ -E  conftest.cpp
conftest.cpp:23:28: fatal error: ac_nonexistent.h: No such file or directory
compilation terminated.
configure:12887: $? = 1
configure: failed program was:
| /* confdefs.h */
| #define PACKAGE_NAME "wayland"
| #define PACKAGE_TARNAME "wayland"
| #define PACKAGE_VERSION "1.16.0"
| #define PACKAGE_STRING "wayland 1.16.0"
| #define PACKAGE_BUGREPORT "https://gitlab.freedesktop.org/wayland/wayland/issues/"
| #define PACKAGE_URL "https://wayland.freedesktop.org/"
| #define PACKAGE "wayland"
| #define VERSION "1.16.0"
| #define STDC_HEADERS 1
| #define HAVE_SYS_TYPES_H 1
| #define HAVE_SYS_STAT_H 1
| #define HAVE_STDLIB_H 1
| #define HAVE_STRING_H 1
| #define HAVE_MEMORY_H 1
| #define HAVE_STRINGS_H 1
| #define HAVE_INTTYPES_H 1
| #define HAVE_STDINT_H 1
| #define HAVE_UNISTD_H 1
| #define HAVE_DLFCN_H 1
| #define LT_OBJDIR ".libs/"
| /* end confdefs.h.  */
| #include <ac_nonexistent.h>
configure:12912: result: g++ -E
configure:12932: g++ -E  conftest.cpp
configure:12932: $? = 0
configure:12946: g++ -E  conftest.cpp
conftest.cpp:23:28: fatal error: ac_nonexistent.h: No such file or directory
compilation terminated.
configure:12946: $? = 1
configure: failed program was:
| /* confdefs.h */
| #define PACKAGE_NAME "wayland"
| #define PACKAGE_TARNAME "wayland"
| #define PACKAGE_VERSION "1.16.0"
| #define PACKAGE_STRING "wayland 1.16.0"
| #define PACKAGE_BUGREPORT "https://gitlab.freedesktop.org/wayland/wayland/issues/"
| #define PACKAGE_URL "https://wayland.freedesktop.org/"
| #define PACKAGE "wayland"
| #define VERSION "1.16.0"
| #define STDC_HEADERS 1
| #define HAVE_SYS_TYPES_H 1
| #define HAVE_SYS_STAT_H 1
| #define HAVE_STDLIB_H 1
| #define HAVE_STRING_H 1
| #define HAVE_MEMORY_H 1
| #define HAVE_STRINGS_H 1
| #define HAVE_INTTYPES_H 1
| #define HAVE_STDINT_H 1
| #define HAVE_UNISTD_H 1
| #define HAVE_DLFCN_H 1
| #define LT_OBJDIR ".libs/"
| /* end confdefs.h.  */
| #include <ac_nonexistent.h>
configure:13108: checking for ld used by g++
configure:13175: result: /usr/bin/ld -m elf_x86_64
configure:13182: checking if the linker (/usr/bin/ld -m elf_x86_64) is GNU ld
configure:13197: result: yes
configure:13252: checking whether the g++ linker (/usr/bin/ld -m elf_x86_64) supports shared libraries
configure:14325: result: yes
configure:14361: g++ -c -g -O2  conftest.cpp >&5
configure:14364: $? = 0
configure:14845: checking for g++ option to produce PIC
configure:14852: result: -fPIC -DPIC
configure:14860: checking if g++ PIC flag -fPIC -DPIC works
configure:14878: g++ -c -g -O2  -fPIC -DPIC -DPIC conftest.cpp >&5
configure:14882: $? = 0
configure:14895: result: yes
configure:14918: checking if g++ static flag -static works
configure:14946: result: yes
configure:14958: checking if g++ supports -c -o file.o
configure:14979: g++ -c -g -O2  -o out/conftest2.o conftest.cpp >&5
configure:14983: $? = 0
configure:15005: result: yes
configure:15010: checking if g++ supports -c -o file.o
configure:15057: result: yes
configure:15087: checking whether the g++ linker (/usr/bin/ld -m elf_x86_64) supports shared libraries
configure:15127: result: yes
configure:15268: checking dynamic linker characteristics
configure:16016: result: GNU/Linux ld.so
configure:16081: checking how to hardcode library paths into programs
configure:16106: result: immediate
configure:16222: checking for pkg-config
configure:16240: found /usr/bin/pkg-config
configure:16252: result: /usr/bin/pkg-config
configure:16277: checking pkg-config is at least version 0.9.0
configure:16280: result: yes
configure:16309: checking sys/prctl.h usability
configure:16309: gcc -c -g -O2  conftest.c >&5
configure:16309: $? = 0
configure:16309: result: yes
configure:16309: checking sys/prctl.h presence
configure:16309: gcc -E  conftest.c
configure:16309: $? = 0
configure:16309: result: yes
configure:16309: checking for sys/prctl.h
configure:16309: result: yes
configure:16322: checking for accept4
configure:16322: gcc -o conftest -g -O2   conftest.c  >&5
configure:16322: $? = 0
configure:16322: result: yes
configure:16322: checking for mkostemp
configure:16322: gcc -o conftest -g -O2   conftest.c  >&5
configure:16322: $? = 0
configure:16322: result: yes
configure:16322: checking for posix_fallocate
configure:16322: gcc -o conftest -g -O2   conftest.c  >&5
configure:16322: $? = 0
configure:16322: result: yes
configure:16322: checking for prctl
configure:16322: gcc -o conftest -g -O2   conftest.c  >&5
configure:16322: $? = 0
configure:16322: result: yes
configure:16396: checking for FFI
configure:16403: $PKG_CONFIG --exists --print-errors "libffi"
configure:16406: $? = 0
configure:16420: $PKG_CONFIG --exists --print-errors "libffi"
configure:16423: $? = 0
configure:16481: result: yes
configure:16485: checking whether SFD_CLOEXEC is declared
configure:16485: gcc -c -g -O2  conftest.c >&5
configure:16485: $? = 0
configure:16485: result: yes
configure:16493: checking whether TFD_CLOEXEC is declared
configure:16493: gcc -c -g -O2  conftest.c >&5
configure:16493: $? = 0
configure:16493: result: yes
configure:16501: checking whether CLOCK_MONOTONIC is declared
configure:16501: gcc -c -g -O2  conftest.c >&5
configure:16501: $? = 0
configure:16501: result: yes
configure:16513: checking for EXPAT
configure:16520: $PKG_CONFIG --exists --print-errors "expat"
configure:16523: $? = 0
configure:16537: $PKG_CONFIG --exists --print-errors "expat"
configure:16540: $? = 0
configure:16598: result: yes
configure:16614: checking for LIBXML
configure:16621: $PKG_CONFIG --exists --print-errors "libxml-2.0"
configure:16624: $? = 0
configure:16638: $PKG_CONFIG --exists --print-errors "libxml-2.0"
configure:16641: $? = 0
configure:16699: result: yes
configure:16712: checking for xsltproc
configure:16745: result: no
configure:16759: checking for docbook manpages stylesheet
configure:16810: result: no
configure:17122: checking that generated files are newer than configure
configure:17128: result: done
configure:17195: creating ./config.status

## ---------------------- ##
## Running config.status. ##
## ---------------------- ##

This file was extended by wayland config.status 1.16.0, which was
generated by GNU Autoconf 2.69.  Invocation command line was

  CONFIG_FILES    = 
  CONFIG_HEADERS  = 
  CONFIG_LINKS    = 
  CONFIG_COMMANDS = 
  $ ./config.status 

on gewenbin-virtual-machine

config.status:1216: creating Makefile
config.status:1216: creating cursor/wayland-cursor.pc
config.status:1216: creating cursor/wayland-cursor-uninstalled.pc
config.status:1216: creating doc/Makefile
config.status:1216: creating doc/publican/Makefile
config.status:1216: creating doc/doxygen/Makefile
config.status:1216: creating doc/man/Makefile
config.status:1216: creating egl/wayland-egl.pc
config.status:1216: creating egl/wayland-egl-backend.pc
config.status:1216: creating src/wayland-server-uninstalled.pc
config.status:1216: creating src/wayland-client-uninstalled.pc
config.status:1216: creating src/wayland-scanner-uninstalled.pc
config.status:1216: creating src/wayland-server.pc
config.status:1216: creating src/wayland-client.pc
config.status:1216: creating src/wayland-scanner.pc
config.status:1216: creating src/wayland-version.h
config.status:1216: creating config.h
config.status:1457: linking protocol/wayland.dtd to src/wayland.dtd.embed
config.status:1476: executing depfiles commands
config.status:1476: executing libtool commands

## ---------------- ##
## Cache variables. ##
## ---------------- ##

ac_cv_build=x86_64-pc-linux-gnu
ac_cv_c_compiler_gnu=yes
ac_cv_cxx_compiler_gnu=yes
ac_cv_env_CCASFLAGS_set=
ac_cv_env_CCASFLAGS_value=
ac_cv_env_CCAS_set=
ac_cv_env_CCAS_value=
ac_cv_env_CCC_set=
ac_cv_env_CCC_value=
ac_cv_env_CC_set=
ac_cv_env_CC_value=
ac_cv_env_CFLAGS_set=
ac_cv_env_CFLAGS_value=
ac_cv_env_CPPFLAGS_set=
ac_cv_env_CPPFLAGS_value=
ac_cv_env_CPP_set=
ac_cv_env_CPP_value=
ac_cv_env_CXXCPP_set=
ac_cv_env_CXXCPP_value=
ac_cv_env_CXXFLAGS_set=
ac_cv_env_CXXFLAGS_value=
ac_cv_env_CXX_set=
ac_cv_env_CXX_value=
ac_cv_env_EXPAT_CFLAGS_set=
ac_cv_env_EXPAT_CFLAGS_value=
ac_cv_env_EXPAT_LIBS_set=
ac_cv_env_EXPAT_LIBS_value=
ac_cv_env_FFI_CFLAGS_set=
ac_cv_env_FFI_CFLAGS_value=
ac_cv_env_FFI_LIBS_set=
ac_cv_env_FFI_LIBS_value=
ac_cv_env_LDFLAGS_set=
ac_cv_env_LDFLAGS_value=
ac_cv_env_LIBS_set=
ac_cv_env_LIBS_value=
ac_cv_env_LIBXML_CFLAGS_set=
ac_cv_env_LIBXML_CFLAGS_value=
ac_cv_env_LIBXML_LIBS_set=
ac_cv_env_LIBXML_LIBS_value=
ac_cv_env_LT_SYS_LIBRARY_PATH_set=
ac_cv_env_LT_SYS_LIBRARY_PATH_value=
ac_cv_env_PKG_CONFIG_LIBDIR_set=
ac_cv_env_PKG_CONFIG_LIBDIR_value=
ac_cv_env_PKG_CONFIG_PATH_set=
ac_cv_env_PKG_CONFIG_PATH_value=
ac_cv_env_PKG_CONFIG_set=
ac_cv_env_PKG_CONFIG_value=
ac_cv_env_build_alias_set=
ac_cv_env_build_alias_value=
ac_cv_env_host_alias_set=
ac_cv_env_host_alias_value=
ac_cv_env_target_alias_set=
ac_cv_env_target_alias_value=
ac_cv_func_accept4=yes
ac_cv_func_mkostemp=yes
ac_cv_func_posix_fallocate=yes
ac_cv_func_prctl=yes
ac_cv_have_decl_CLOCK_MONOTONIC=yes
ac_cv_have_decl_SFD_CLOEXEC=yes
ac_cv_have_decl_TFD_CLOEXEC=yes
ac_cv_header_dlfcn_h=yes
ac_cv_header_inttypes_h=yes
ac_cv_header_memory_h=yes
ac_cv_header_stdc=yes
ac_cv_header_stdint_h=yes
ac_cv_header_stdlib_h=yes
ac_cv_header_string_h=yes
ac_cv_header_strings_h=yes
ac_cv_header_sys_prctl_h=yes
ac_cv_header_sys_stat_h=yes
ac_cv_header_sys_types_h=yes
ac_cv_header_unistd_h=yes
ac_cv_host=x86_64-pc-linux-gnu
ac_cv_objext=o
ac_cv_path_EGREP='/bin/grep -E'
ac_cv_path_FGREP='/bin/grep -F'
ac_cv_path_GREP=/bin/grep
ac_cv_path_SED=/bin/sed
ac_cv_path_ac_pt_PKG_CONFIG=/usr/bin/pkg-config
ac_cv_path_install='/usr/bin/install -c'
ac_cv_path_lt_DD=/bin/dd
ac_cv_path_mkdir=/bin/mkdir
ac_cv_prog_AWK=mawk
ac_cv_prog_CPP='gcc -E'
ac_cv_prog_CXXCPP='g++ -E'
ac_cv_prog_ac_ct_AR=ar
ac_cv_prog_ac_ct_CC=gcc
ac_cv_prog_ac_ct_CXX=g++
ac_cv_prog_ac_ct_MANIFEST_TOOL=mt
ac_cv_prog_ac_ct_OBJDUMP=objdump
ac_cv_prog_ac_ct_RANLIB=ranlib
ac_cv_prog_ac_ct_STRIP=strip
ac_cv_prog_cc_c89=
ac_cv_prog_cc_g=yes
ac_cv_prog_cxx_g=yes
ac_cv_prog_make_make_set=yes
am_cv_CCAS_dependencies_compiler_type=gcc3
am_cv_CC_dependencies_compiler_type=gcc3
am_cv_CXX_dependencies_compiler_type=gcc3
am_cv_make_support_nested_variables=yes
am_cv_prog_cc_c_o=yes
lt_cv_ar_at_file=@
lt_cv_archive_cmds_need_lc=no
lt_cv_deplibs_check_method=pass_all
lt_cv_file_magic_cmd='$MAGIC_CMD'
lt_cv_file_magic_test_file=
lt_cv_ld_reload_flag=-r
lt_cv_nm_interface='BSD nm'
lt_cv_objdir=.libs
lt_cv_path_LD=/usr/bin/ld
lt_cv_path_LDCXX='/usr/bin/ld -m elf_x86_64'
lt_cv_path_NM='/usr/bin/nm -B'
lt_cv_path_mainfest_tool=no
lt_cv_prog_compiler_c_o=yes
lt_cv_prog_compiler_c_o_CXX=yes
lt_cv_prog_compiler_pic='-fPIC -DPIC'
lt_cv_prog_compiler_pic_CXX='-fPIC -DPIC'
lt_cv_prog_compiler_pic_works=yes
lt_cv_prog_compiler_pic_works_CXX=yes
lt_cv_prog_compiler_rtti_exceptions=no
lt_cv_prog_compiler_static_works=yes
lt_cv_prog_compiler_static_works_CXX=yes
lt_cv_prog_gnu_ld=yes
lt_cv_prog_gnu_ldcxx=yes
lt_cv_sharedlib_from_linklib_cmd='printf %s\n'
lt_cv_shlibpath_overrides_runpath=no
lt_cv_sys_global_symbol_pipe='sed -n -e '\''s/^.*[	 ]\([ABCDGIRSTW][ABCDGIRSTW]*\)[	 ][	 ]*\([_A-Za-z][_A-Za-z0-9]*\)$/\1 \2 \2/p'\'' | sed '\''/ __gnu_lto/d'\'''
lt_cv_sys_global_symbol_to_c_name_address='sed -n -e '\''s/^: \(.*\) .*$/  {"\1", (void *) 0},/p'\'' -e '\''s/^[ABCDGIRSTW][ABCDGIRSTW]* .* \(.*\)$/  {"\1", (void *) \&\1},/p'\'''
lt_cv_sys_global_symbol_to_c_name_address_lib_prefix='sed -n -e '\''s/^: \(.*\) .*$/  {"\1", (void *) 0},/p'\'' -e '\''s/^[ABCDGIRSTW][ABCDGIRSTW]* .* \(lib.*\)$/  {"\1", (void *) \&\1},/p'\'' -e '\''s/^[ABCDGIRSTW][ABCDGIRSTW]* .* \(.*\)$/  {"lib\1", (void *) \&\1},/p'\'''
lt_cv_sys_global_symbol_to_cdecl='sed -n -e '\''s/^T .* \(.*\)$/extern int \1();/p'\'' -e '\''s/^[ABCDGIRSTW][ABCDGIRSTW]* .* \(.*\)$/extern char \1;/p'\'''
lt_cv_sys_global_symbol_to_import=
lt_cv_sys_max_cmd_len=1572864
lt_cv_to_host_file_cmd=func_convert_file_noop
lt_cv_to_tool_file_cmd=func_convert_file_noop
lt_cv_truncate_bin='/bin/dd bs=4096 count=1'
pkg_cv_EXPAT_CFLAGS=
pkg_cv_EXPAT_LIBS=-lexpat
pkg_cv_FFI_CFLAGS=
pkg_cv_FFI_LIBS=-lffi
pkg_cv_LIBXML_CFLAGS=-I/usr/include/libxml2
pkg_cv_LIBXML_LIBS=-lxml2

## ----------------- ##
## Output variables. ##
## ----------------- ##

ACLOCAL='${SHELL} /home/gewenbin/wayland/wayland-1.16.0/missing aclocal-1.15'
AMDEPBACKSLASH='\'
AMDEP_FALSE='#'
AMDEP_TRUE=''
AMTAR='$${TAR-tar}'
AM_BACKSLASH='\'
AM_DEFAULT_V='$(AM_DEFAULT_VERBOSITY)'
AM_DEFAULT_VERBOSITY='0'
AM_V='$(V)'
AR='ar'
AUTOCONF='${SHELL} /home/gewenbin/wayland/wayland-1.16.0/missing autoconf'
AUTOHEADER='${SHELL} /home/gewenbin/wayland/wayland-1.16.0/missing autoheader'
AUTOMAKE='${SHELL} /home/gewenbin/wayland/wayland-1.16.0/missing automake-1.15'
AWK='mawk'
BUILD_DOCS_FALSE=''
BUILD_DOCS_TRUE='#'
CC='gcc'
CCAS='gcc'
CCASDEPMODE='depmode=gcc3'
CCASFLAGS='-g -O2'
CCDEPMODE='depmode=gcc3'
CFLAGS='-g -O2'
CPP='gcc -E'
CPPFLAGS=''
CXX='g++'
CXXCPP='g++ -E'
CXXDEPMODE='depmode=gcc3'
CXXFLAGS='-g -O2'
CYGPATH_W='echo'
DEFS='-DHAVE_CONFIG_H'
DEPDIR='.deps'
DLLTOOL='false'
DOT=''
DOXYGEN=''
DSYMUTIL=''
DTD_VALIDATION_FALSE='#'
DTD_VALIDATION_TRUE=''
DUMPBIN=''
ECHO_C=''
ECHO_N='-n'
ECHO_T=''
EGREP='/bin/grep -E'
ENABLE_CPP_TEST_FALSE='#'
ENABLE_CPP_TEST_TRUE=''
ENABLE_LIBRARIES_FALSE='#'
ENABLE_LIBRARIES_TRUE=''
EXEEXT=''
EXPAT_CFLAGS=''
EXPAT_LIBS='-lexpat'
FFI_CFLAGS=''
FFI_LIBS='-lffi'
FGREP='/bin/grep -F'
GCC_CFLAGS=' -Wall -Wextra -Wno-unused-parameter -g -Wstrict-prototypes -Wmissing-prototypes -fvisibility=hidden'
GREP='/bin/grep'
HAVE_MANPAGES_STYLESHEET_FALSE=''
HAVE_MANPAGES_STYLESHEET_TRUE='#'
HAVE_XMLTO_FALSE=''
HAVE_XMLTO_TRUE='#'
HAVE_XSLTPROC_FALSE=''
HAVE_XSLTPROC_TRUE='#'
ICONDIR='${datarootdir}/icons'
INSTALL_DATA='${INSTALL} -m 644'
INSTALL_PROGRAM='${INSTALL}'
INSTALL_SCRIPT='${INSTALL}'
INSTALL_STRIP_PROGRAM='$(install_sh) -c -s'
LD='/usr/bin/ld -m elf_x86_64'
LDFLAGS=''
LIBOBJS=''
LIBS=''
LIBTOOL='$(SHELL) $(top_builddir)/libtool'
LIBXML_CFLAGS='-I/usr/include/libxml2'
LIBXML_LIBS='-lxml2'
LIPO=''
LN_S='ln -s'
LTLIBOBJS=''
LT_SYS_LIBRARY_PATH=''
MAKEINFO='${SHELL} /home/gewenbin/wayland/wayland-1.16.0/missing makeinfo'
MANIFEST_TOOL=':'
MANPAGES_STYLESHEET='http://docbook.sourceforge.net/release/xsl/current/manpages/docbook.xsl'
MKDIR_P='/bin/mkdir -p'
NM='/usr/bin/nm -B'
NMEDIT=''
OBJDUMP='objdump'
OBJEXT='o'
OTOOL64=''
OTOOL=''
PACKAGE='wayland'
PACKAGE_BUGREPORT='https://gitlab.freedesktop.org/wayland/wayland/issues/'
PACKAGE_NAME='wayland'
PACKAGE_STRING='wayland 1.16.0'
PACKAGE_TARNAME='wayland'
PACKAGE_URL='https://wayland.freedesktop.org/'
PACKAGE_VERSION='1.16.0'
PATH_SEPARATOR=':'
PKG_CONFIG='/usr/bin/pkg-config'
PKG_CONFIG_LIBDIR=''
PKG_CONFIG_PATH=''
RANLIB='ranlib'
SED='/bin/sed'
SET_MAKE=''
SHELL='/bin/bash'
STRIP='strip'
USE_HOST_SCANNER_FALSE=''
USE_HOST_SCANNER_TRUE='#'
VERSION='1.16.0'
WAYLAND_VERSION='1.16.0'
WAYLAND_VERSION_MAJOR='1'
WAYLAND_VERSION_MICRO='0'
WAYLAND_VERSION_MINOR='16'
XMLTO=''
XSLTPROC=''
ac_ct_AR='ar'
ac_ct_CC='gcc'
ac_ct_CXX='g++'
ac_ct_DUMPBIN=''
am__EXEEXT_FALSE=''
am__EXEEXT_TRUE='#'
am__fastdepCCAS_FALSE='#'
am__fastdepCCAS_TRUE=''
am__fastdepCC_FALSE='#'
am__fastdepCC_TRUE=''
am__fastdepCXX_FALSE='#'
am__fastdepCXX_TRUE=''
am__include='include'
am__isrc=''
am__leading_dot='.'
am__nodep='_no'
am__quote=''
am__tar='$${TAR-tar} chof - "$$tardir"'
am__untar='$${TAR-tar} xf -'
bindir='${exec_prefix}/bin'
build='x86_64-pc-linux-gnu'
build_alias=''
build_cpu='x86_64'
build_os='linux-gnu'
build_vendor='pc'
datadir='${datarootdir}'
datarootdir='${prefix}/share'
docdir='${datarootdir}/doc/${PACKAGE_TARNAME}'
dvidir='${docdir}'
exec_prefix='${prefix}'
host='x86_64-pc-linux-gnu'
host_alias=''
host_cpu='x86_64'
host_os='linux-gnu'
host_vendor='pc'
htmldir='${docdir}'
includedir='${prefix}/include'
infodir='${datarootdir}/info'
install_sh='${SHELL} /home/gewenbin/wayland/wayland-1.16.0/install-sh'
libdir='${exec_prefix}/lib'
libexecdir='${exec_prefix}/libexec'
localedir='${datarootdir}/locale'
localstatedir='${prefix}/var'
mandir='${datarootdir}/man'
mkdir_p='$(MKDIR_P)'
oldincludedir='/usr/include'
pdfdir='${docdir}'
prefix='/usr/local'
program_transform_name='s,x,x,'
psdir='${docdir}'
sbindir='${exec_prefix}/sbin'
sharedstatedir='${prefix}/com'
sysconfdir='${prefix}/etc'
target_alias=''

## ----------- ##
## confdefs.h. ##
## ----------- ##

/* confdefs.h */
#define PACKAGE_NAME "wayland"
#define PACKAGE_TARNAME "wayland"
#define PACKAGE_VERSION "1.16.0"
#define PACKAGE_STRING "wayland 1.16.0"
#define PACKAGE_BUGREPORT "https://gitlab.freedesktop.org/wayland/wayland/issues/"
#define PACKAGE_URL "https://wayland.freedesktop.org/"
#define PACKAGE "wayland"
#define VERSION "1.16.0"
#define STDC_HEADERS 1
#define HAVE_SYS_TYPES_H 1
#define HAVE_SYS_STAT_H 1
#define HAVE_STDLIB_H 1
#define HAVE_STRING_H 1
#define HAVE_MEMORY_H 1
#define HAVE_STRINGS_H 1
#define HAVE_INTTYPES_H 1
#define HAVE_STDINT_H 1
#define HAVE_UNISTD_H 1
#define HAVE_DLFCN_H 1
#define LT_OBJDIR ".libs/"
#define HAVE_SYS_PRCTL_H 1
#define HAVE_ACCEPT4 1
#define HAVE_MKOSTEMP 1
#define HAVE_POSIX_FALLOCATE 1
#define HAVE_PRCTL 1
#define HAVE_LIBXML 1

configure: exit 0
